2025-11-13 08:44:43,216 - [ ERROR] - _render_error - sub page /import_page produced an error
Traceback (most recent call last):
  File "C:\Users\ocape\AppData\Local\Programs\Python\Python312\Lib\site-packages\starlette\_exception_handler.py", line 42, in wrapped_app
    await app(scope, receive, sender)
  File "C:\Users\ocape\AppData\Local\Programs\Python\Python312\Lib\site-packages\fastapi\middleware\asyncexitstack.py", line 18, in __call__
    await self.app(scope, receive, send)
  File "C:\Users\ocape\AppData\Local\Programs\Python\Python312\Lib\site-packages\starlette\routing.py", line 716, in __call__
    await self.middleware_stack(scope, receive, send)
  File "C:\Users\ocape\AppData\Local\Programs\Python\Python312\Lib\site-packages\starlette\routing.py", line 766, in app
    await self.default(scope, receive, send)
  File "C:\Users\ocape\AppData\Local\Programs\Python\Python312\Lib\site-packages\starlette\routing.py", line 652, in not_found
    raise HTTPException(status_code=404)
starlette.exceptions.HTTPException: 404: Not Found

During handling of the above exception, another exception occurred:

Traceback (most recent call last):
  File "C:\Users\ocape\AppData\Local\Programs\Python\Python312\Lib\site-packages\nicegui\elements\sub_pages.py", line 101, in _render_page
    result = match.builder(**kwargs)
             ^^^^^^^^^^^^^^^^^^^^^^^
  File "C:\Users\ocape\PycharmProjects\AntimicrobialCompounds\src\server\decor.py", line 24, in wrapper
    result = func(*args, **kwargs)
             ^^^^^^^^^^^^^^^^^^^^^
  File "C:\Users\ocape\PycharmProjects\AntimicrobialCompounds\src\server\main.py", line 139, in import_page
    ui.upload(on_upload=handle_upload, max_file_size=1_000_000).props(f'accept={exp_type}')
  File "C:\Users\ocape\AppData\Local\Programs\Python\Python312\Lib\site-packages\nicegui\props.py", line 111, in __call__
    for key, value in self.parse(add).items():
                      ^^^^^^^^^^^^^^^
  File "C:\Users\ocape\AppData\Local\Programs\Python\Python312\Lib\site-packages\nicegui\props.py", line 132, in parse
    props[key] = ast.literal_eval(match_groups[group])
                 ^^^^^^^^^^^^^^^^^^^^^^^^^^^^^^^^^^^^^
  File "C:\Users\ocape\AppData\Local\Programs\Python\Python312\Lib\ast.py", line 66, in literal_eval
    node_or_string = parse(node_or_string.lstrip(" \t"), mode='eval')
                     ^^^^^^^^^^^^^^^^^^^^^^^^^^^^^^^^^^^^^^^^^^^^^^^^
  File "C:\Users\ocape\AppData\Local\Programs\Python\Python312\Lib\ast.py", line 52, in parse
    return compile(source, filename, mode, flags,
           ^^^^^^^^^^^^^^^^^^^^^^^^^^^^^^^^^^^^^^
  File "<unknown>", line 1
    [{'value': 0, 'label...]
                  ^
SyntaxError: unterminated string literal (detected at line 1)
2025-11-13 08:44:43,251 - [  INFO] - wrapper - User access is turn on.
2025-11-13 08:44:43,251 - [ DEBUG] - import_page - Visit import page
2025-11-13 08:44:43,252 - [  INFO] - is_admin - User is admin
